# JRE version: OpenJDK Runtime Environment Temurin-17.0.15+6 (17.0.15+6) (build 17.0.15+6)
# Java VM: OpenJDK 64-Bit Server VM Temurin-17.0.15+6 (17.0.15+6, mixed mode, sharing, tiered, compressed oops, compressed class ptrs, g1 gc, windows-amd64)
GC Precious Log:
 CPUs: 8 total, 8 available
 Memory: 7413M
 Large Page Support: Disabled
 NUMA Support: Disabled
 Compressed Oops: Enabled (32-bit)
 Heap Region Size: 1M
 Heap Min Capacity: 8M
 Heap Initial Capacity: 116M
 Heap Max Capacity: 2G
 Pre-touch: Disabled
 Parallel Workers: 8
 Concurrent Workers: 2
 Concurrent Refinement Workers: 8
 Periodic GC: Disabled
Heap:
 garbage-first heap   total 282624K, used 142040K [0x0000000080000000, 0x0000000100000000)
  region size 1024K, 74 young (75776K), 12 survivors (12288K)
 Metaspace       used 48340K, committed 48896K, reserved 491520K
  class space    used 6526K, committed 6784K, reserved 425984K
GC Heap History (20 events):
Event: 36.685 GC heap before
{Heap before GC invocations=80 (full 0):
 garbage-first heap   total 235520K, used 196472K [0x0000000080000000, 0x0000000100000000)
  region size 1024K, 138 young (141312K), 10 survivors (10240K)
 Metaspace       used 45735K, committed 46272K, reserved 491520K
  class space    used 6239K, committed 6464K, reserved 425984K
}
Event: 36.692 GC heap after
{Heap after GC invocations=81 (full 0):
 garbage-first heap   total 282624K, used 66292K [0x0000000080000000, 0x0000000100000000)
  region size 1024K, 11 young (11264K), 11 survivors (11264K)
 Metaspace       used 45735K, committed 46272K, reserved 491520K
  class space    used 6239K, committed 6464K, reserved 425984K
}
Event: 37.030 GC heap before
{Heap before GC invocations=81 (full 0):
 garbage-first heap   total 282624K, used 223988K [0x0000000080000000, 0x0000000100000000)
  region size 1024K, 165 young (168960K), 11 survivors (11264K)
 Metaspace       used 45757K, committed 46272K, reserved 491520K
  class space    used 6239K, committed 6464K, reserved 425984K
}
Event: 37.036 GC heap after
{Heap after GC invocations=82 (full 0):
 garbage-first heap   total 282624K, used 67674K [0x0000000080000000, 0x0000000100000000)
  region size 1024K, 12 young (12288K), 12 survivors (12288K)
 Metaspace       used 45757K, committed 46272K, reserved 491520K
  class space    used 6239K, committed 6464K, reserved 425984K
}
Event: 37.373 GC heap before
{Heap before GC invocations=82 (full 0):
 garbage-first heap   total 282624K, used 225370K [0x0000000080000000, 0x0000000100000000)
  region size 1024K, 165 young (168960K), 12 survivors (12288K)
 Metaspace       used 45757K, committed 46272K, reserved 491520K
  class space    used 6239K, committed 6464K, reserved 425984K
}
Event: 37.379 GC heap after
{Heap after GC invocations=83 (full 0):
 garbage-first heap   total 282624K, used 69097K [0x0000000080000000, 0x0000000100000000)
  region size 1024K, 11 young (11264K), 11 survivors (11264K)
 Metaspace       used 45757K, committed 46272K, reserved 491520K
  class space    used 6239K, committed 6464K, reserved 425984K
}
Event: 37.645 GC heap before
{Heap before GC invocations=83 (full 0):
 garbage-first heap   total 282624K, used 226793K [0x0000000080000000, 0x0000000100000000)
  region size 1024K, 165 young (168960K), 11 survivors (11264K)
 Metaspace       used 45768K, committed 46272K, reserved 491520K
  class space    used 6239K, committed 6464K, reserved 425984K
}
Event: 37.652 GC heap after
{Heap after GC invocations=84 (full 0):
 garbage-first heap   total 282624K, used 69987K [0x0000000080000000, 0x0000000100000000)
  region size 1024K, 12 young (12288K), 12 survivors (12288K)
 Metaspace       used 45768K, committed 46272K, reserved 491520K
  class space    used 6239K, committed 6464K, reserved 425984K
}
Event: 41.188 GC heap before
{Heap before GC invocations=84 (full 0):
 garbage-first heap   total 282624K, used 233827K [0x0000000080000000, 0x0000000100000000)
  region size 1024K, 165 young (168960K), 12 survivors (12288K)
 Metaspace       used 46131K, committed 46656K, reserved 491520K
  class space    used 6274K, committed 6528K, reserved 425984K
}
Event: 41.192 GC heap after
{Heap after GC invocations=85 (full 0):
 garbage-first heap   total 282624K, used 71650K [0x0000000080000000, 0x0000000100000000)
  region size 1024K, 6 young (6144K), 6 survivors (6144K)
 Metaspace       used 46131K, committed 46656K, reserved 491520K
  class space    used 6274K, committed 6528K, reserved 425984K
}
Event: 42.646 GC heap before
{Heap before GC invocations=85 (full 0):
 garbage-first heap   total 282624K, used 234466K [0x0000000080000000, 0x0000000100000000)
  region size 1024K, 165 young (168960K), 6 survivors (6144K)
 Metaspace       used 46135K, committed 46656K, reserved 491520K
  class space    used 6274K, committed 6528K, reserved 425984K
}
Event: 42.649 GC heap after
{Heap after GC invocations=86 (full 0):
 garbage-first heap   total 282624K, used 71581K [0x0000000080000000, 0x0000000100000000)
  region size 1024K, 6 young (6144K), 6 survivors (6144K)
 Metaspace       used 46135K, committed 46656K, reserved 491520K
  class space    used 6274K, committed 6528K, reserved 425984K
}
Event: 43.637 GC heap before
{Heap before GC invocations=86 (full 0):
 garbage-first heap   total 282624K, used 241565K [0x0000000080000000, 0x0000000100000000)
  region size 1024K, 165 young (168960K), 6 survivors (6144K)
 Metaspace       used 48239K, committed 48768K, reserved 491520K
  class space    used 6513K, committed 6784K, reserved 425984K
}
Event: 43.641 GC heap after
{Heap after GC invocations=87 (full 0):
 garbage-first heap   total 282624K, used 72667K [0x0000000080000000, 0x0000000100000000)
  region size 1024K, 7 young (7168K), 7 survivors (7168K)
 Metaspace       used 48239K, committed 48768K, reserved 491520K
  class space    used 6513K, committed 6784K, reserved 425984K
}
Event: 43.973 GC heap before
{Heap before GC invocations=87 (full 0):
 garbage-first heap   total 282624K, used 234459K [0x0000000080000000, 0x0000000100000000)
  region size 1024K, 165 young (168960K), 7 survivors (7168K)
 Metaspace       used 48239K, committed 48768K, reserved 491520K
  class space    used 6513K, committed 6784K, reserved 425984K
}
Event: 43.977 GC heap after
{Heap after GC invocations=88 (full 0):
 garbage-first heap   total 282624K, used 74770K [0x0000000080000000, 0x0000000100000000)
  region size 1024K, 8 young (8192K), 8 survivors (8192K)
 Metaspace       used 48239K, committed 48768K, reserved 491520K
  class space    used 6513K, committed 6784K, reserved 425984K
}
Event: 44.311 GC heap before
{Heap before GC invocations=88 (full 0):
 garbage-first heap   total 282624K, used 235538K [0x0000000080000000, 0x0000000100000000)
  region size 1024K, 165 young (168960K), 8 survivors (8192K)
 Metaspace       used 48239K, committed 48768K, reserved 491520K
  class space    used 6513K, committed 6784K, reserved 425984K
}
Event: 44.316 GC heap after
{Heap after GC invocations=89 (full 0):
 garbage-first heap   total 282624K, used 77471K [0x0000000080000000, 0x0000000100000000)
  region size 1024K, 11 young (11264K), 11 survivors (11264K)
 Metaspace       used 48239K, committed 48768K, reserved 491520K
  class space    used 6513K, committed 6784K, reserved 425984K
}
Event: 44.610 GC heap before
{Heap before GC invocations=89 (full 0):
 garbage-first heap   total 282624K, used 235167K [0x0000000080000000, 0x0000000100000000)
  region size 1024K, 165 young (168960K), 11 survivors (11264K)
 Metaspace       used 48240K, committed 48768K, reserved 491520K
  class space    used 6513K, committed 6784K, reserved 425984K
}
Event: 44.615 GC heap after
{Heap after GC invocations=90 (full 0):
 garbage-first heap   total 282624K, used 79576K [0x0000000080000000, 0x0000000100000000)
  region size 1024K, 12 young (12288K), 12 survivors (12288K)
 Metaspace       used 48240K, committed 48768K, reserved 491520K
  class space    used 6513K, committed 6784K, reserved 425984K
}

